mode: set
github.com/onlyLTY/YTask/main.go:20.81,28.2 2 0
github.com/onlyLTY/YTask/main.go:31.56,40.2 4 0
github.com/onlyLTY/YTask/main.go:49.87,55.2 2 0
github.com/onlyLTY/YTask/main.go:58.65,62.38 2 0
github.com/onlyLTY/YTask/main.go:62.38,63.10 1 0
github.com/onlyLTY/YTask/main.go:64.21,65.20 1 0
github.com/onlyLTY/YTask/main.go:66.45,67.56 1 0
github.com/onlyLTY/YTask/main.go:71.2,71.12 1 0
github.com/onlyLTY/YTask/main.go:75.128,76.58 1 0
github.com/onlyLTY/YTask/main.go:76.58,84.17 5 0
github.com/onlyLTY/YTask/main.go:84.17,87.4 1 0
github.com/onlyLTY/YTask/main.go:87.9,90.4 1 0
github.com/onlyLTY/YTask/main.go:92.3,92.13 1 0
github.com/onlyLTY/YTask/main.go:97.72,101.22 2 0
github.com/onlyLTY/YTask/main.go:101.22,104.3 2 0
github.com/onlyLTY/YTask/main.go:107.2,113.23 4 0
github.com/onlyLTY/YTask/main.go:116.13,150.25 9 0
github.com/onlyLTY/YTask/main.go:150.25,160.3 3 0
github.com/onlyLTY/YTask/main.go:163.2,163.25 1 0
github.com/onlyLTY/YTask/main.go:163.25,171.3 3 0
github.com/onlyLTY/YTask/main.go:174.2,209.58 17 0
github.com/onlyLTY/YTask/main.go:213.45,223.40 6 0
github.com/onlyLTY/YTask/main.go:223.40,227.3 1 0
github.com/onlyLTY/YTask/pkg/ytask/example_task.go:21.113,29.2 2 1
github.com/onlyLTY/YTask/pkg/ytask/example_task.go:32.58,34.9 1 1
github.com/onlyLTY/YTask/pkg/ytask/example_task.go:35.20,36.19 1 1
github.com/onlyLTY/YTask/pkg/ytask/example_task.go:37.10,37.10 0 1
github.com/onlyLTY/YTask/pkg/ytask/example_task.go:42.2,43.9 2 1
github.com/onlyLTY/YTask/pkg/ytask/example_task.go:44.20,46.19 2 0
github.com/onlyLTY/YTask/pkg/ytask/example_task.go:47.17,47.17 0 1
github.com/onlyLTY/YTask/pkg/ytask/example_task.go:52.2,52.18 1 1
github.com/onlyLTY/YTask/pkg/ytask/example_task.go:52.18,54.3 1 1
github.com/onlyLTY/YTask/pkg/ytask/example_task.go:56.2,56.12 1 1
github.com/onlyLTY/YTask/pkg/ytask/example_task.go:61.52,63.27 1 1
github.com/onlyLTY/YTask/pkg/ytask/example_task.go:63.27,65.3 1 0
github.com/onlyLTY/YTask/pkg/ytask/example_task.go:68.2,69.9 2 1
github.com/onlyLTY/YTask/pkg/ytask/example_task.go:69.9,71.3 1 1
github.com/onlyLTY/YTask/pkg/ytask/example_task.go:74.2,74.33 1 1
github.com/onlyLTY/YTask/pkg/ytask/example_task.go:78.116,79.52 1 1
github.com/onlyLTY/YTask/pkg/ytask/example_task.go:79.52,87.17 5 1
github.com/onlyLTY/YTask/pkg/ytask/example_task.go:87.17,89.4 1 0
github.com/onlyLTY/YTask/pkg/ytask/example_task.go:89.9,91.4 1 1
github.com/onlyLTY/YTask/pkg/ytask/example_task.go:93.3,93.13 1 1
github.com/onlyLTY/YTask/pkg/ytask/example_task.go:98.68,102.22 2 1
github.com/onlyLTY/YTask/pkg/ytask/example_task.go:102.22,105.3 2 1
github.com/onlyLTY/YTask/pkg/ytask/example_task.go:108.2,114.23 4 1
github.com/onlyLTY/YTask/pkg/ytask/resource_monitor.go:38.101,48.2 1 1
github.com/onlyLTY/YTask/pkg/ytask/resource_monitor.go:51.35,55.15 3 1
github.com/onlyLTY/YTask/pkg/ytask/resource_monitor.go:55.15,57.3 1 1
github.com/onlyLTY/YTask/pkg/ytask/resource_monitor.go:60.2,60.21 1 1
github.com/onlyLTY/YTask/pkg/ytask/resource_monitor.go:60.21,62.3 1 1
github.com/onlyLTY/YTask/pkg/ytask/resource_monitor.go:64.2,65.20 2 1
github.com/onlyLTY/YTask/pkg/ytask/resource_monitor.go:69.34,73.16 3 1
github.com/onlyLTY/YTask/pkg/ytask/resource_monitor.go:73.16,75.3 1 0
github.com/onlyLTY/YTask/pkg/ytask/resource_monitor.go:77.2,82.60 4 1
github.com/onlyLTY/YTask/pkg/ytask/resource_monitor.go:86.63,91.2 3 1
github.com/onlyLTY/YTask/pkg/ytask/resource_monitor.go:94.69,99.2 3 1
github.com/onlyLTY/YTask/pkg/ytask/resource_monitor.go:102.65,107.2 3 1
github.com/onlyLTY/YTask/pkg/ytask/resource_monitor.go:110.41,118.6 5 1
github.com/onlyLTY/YTask/pkg/ytask/resource_monitor.go:118.6,119.10 1 1
github.com/onlyLTY/YTask/pkg/ytask/resource_monitor.go:120.19,121.10 1 1
github.com/onlyLTY/YTask/pkg/ytask/resource_monitor.go:122.19,123.52 1 1
github.com/onlyLTY/YTask/pkg/ytask/resource_monitor.go:129.92,145.18 10 1
github.com/onlyLTY/YTask/pkg/ytask/resource_monitor.go:145.18,147.3 1 1
github.com/onlyLTY/YTask/pkg/ytask/resource_monitor.go:149.2,150.18 2 1
github.com/onlyLTY/YTask/pkg/ytask/resource_monitor.go:150.18,152.3 1 1
github.com/onlyLTY/YTask/pkg/ytask/resource_monitor.go:155.2,161.37 3 1
github.com/onlyLTY/YTask/pkg/ytask/resource_monitor.go:161.37,163.3 1 0
github.com/onlyLTY/YTask/pkg/ytask/resource_monitor.go:166.2,166.19 1 1
github.com/onlyLTY/YTask/pkg/ytask/resource_monitor.go:166.19,168.42 2 1
github.com/onlyLTY/YTask/pkg/ytask/resource_monitor.go:168.42,171.4 1 1
github.com/onlyLTY/YTask/pkg/ytask/resource_monitor.go:175.2,175.56 1 1
github.com/onlyLTY/YTask/pkg/ytask/resource_monitor.go:175.56,177.3 1 1
github.com/onlyLTY/YTask/pkg/ytask/resource_monitor.go:187.93,189.41 2 1
github.com/onlyLTY/YTask/pkg/ytask/resource_monitor.go:189.41,191.3 1 0
github.com/onlyLTY/YTask/pkg/ytask/resource_monitor.go:192.2,192.23 1 1
github.com/onlyLTY/YTask/pkg/ytask/resource_monitor.go:196.60,198.16 2 1
github.com/onlyLTY/YTask/pkg/ytask/resource_monitor.go:198.16,200.3 1 0
github.com/onlyLTY/YTask/pkg/ytask/resource_monitor.go:201.2,201.22 1 1
github.com/onlyLTY/YTask/pkg/ytask/scheduler.go:88.56,91.31 2 1
github.com/onlyLTY/YTask/pkg/ytask/scheduler.go:91.31,94.3 1 1
github.com/onlyLTY/YTask/pkg/ytask/scheduler.go:96.2,108.3 1 1
github.com/onlyLTY/YTask/pkg/ytask/scheduler.go:112.78,120.45 5 1
github.com/onlyLTY/YTask/pkg/ytask/scheduler.go:120.45,122.3 1 1
github.com/onlyLTY/YTask/pkg/ytask/scheduler.go:123.2,129.29 3 1
github.com/onlyLTY/YTask/pkg/ytask/scheduler.go:133.45,139.13 5 1
github.com/onlyLTY/YTask/pkg/ytask/scheduler.go:139.13,141.3 1 1
github.com/onlyLTY/YTask/pkg/ytask/scheduler.go:144.2,144.29 1 1
github.com/onlyLTY/YTask/pkg/ytask/scheduler.go:144.29,145.67 1 1
github.com/onlyLTY/YTask/pkg/ytask/scheduler.go:145.67,146.66 1 1
github.com/onlyLTY/YTask/pkg/ytask/scheduler.go:146.66,147.39 1 1
github.com/onlyLTY/YTask/pkg/ytask/scheduler.go:147.39,149.6 1 1
github.com/onlyLTY/YTask/pkg/ytask/scheduler.go:155.2,156.18 2 1
github.com/onlyLTY/YTask/pkg/ytask/scheduler.go:156.18,158.3 1 1
github.com/onlyLTY/YTask/pkg/ytask/scheduler.go:158.8,158.46 1 1
github.com/onlyLTY/YTask/pkg/ytask/scheduler.go:158.46,160.3 1 1
github.com/onlyLTY/YTask/pkg/ytask/scheduler.go:163.2,169.13 4 1
github.com/onlyLTY/YTask/pkg/ytask/scheduler.go:173.48,178.2 3 1
github.com/onlyLTY/YTask/pkg/ytask/scheduler.go:181.29,183.2 1 1
github.com/onlyLTY/YTask/pkg/ytask/scheduler.go:186.28,189.2 2 1
github.com/onlyLTY/YTask/pkg/ytask/scheduler.go:192.52,197.2 3 1
github.com/onlyLTY/YTask/pkg/ytask/scheduler.go:200.53,205.2 3 1
github.com/onlyLTY/YTask/pkg/ytask/scheduler.go:208.52,212.45 3 1
github.com/onlyLTY/YTask/pkg/ytask/scheduler.go:212.45,213.39 1 1
github.com/onlyLTY/YTask/pkg/ytask/scheduler.go:213.39,214.31 1 1
github.com/onlyLTY/YTask/pkg/ytask/scheduler.go:214.31,215.31 1 1
github.com/onlyLTY/YTask/pkg/ytask/scheduler.go:215.31,227.6 7 1
github.com/onlyLTY/YTask/pkg/ytask/scheduler.go:232.2,232.14 1 1
github.com/onlyLTY/YTask/pkg/ytask/scheduler.go:236.60,242.13 4 1
github.com/onlyLTY/YTask/pkg/ytask/scheduler.go:242.13,244.3 1 1
github.com/onlyLTY/YTask/pkg/ytask/scheduler.go:246.2,249.38 2 1
github.com/onlyLTY/YTask/pkg/ytask/scheduler.go:249.38,250.30 1 1
github.com/onlyLTY/YTask/pkg/ytask/scheduler.go:250.30,254.4 2 1
github.com/onlyLTY/YTask/pkg/ytask/scheduler.go:257.3,264.53 6 1
github.com/onlyLTY/YTask/pkg/ytask/scheduler.go:267.2,267.23 1 1
github.com/onlyLTY/YTask/pkg/ytask/scheduler.go:272.59,278.13 4 1
github.com/onlyLTY/YTask/pkg/ytask/scheduler.go:278.13,280.3 1 1
github.com/onlyLTY/YTask/pkg/ytask/scheduler.go:282.2,285.38 2 1
github.com/onlyLTY/YTask/pkg/ytask/scheduler.go:285.38,291.3 2 1
github.com/onlyLTY/YTask/pkg/ytask/scheduler.go:294.2,312.21 14 1
github.com/onlyLTY/YTask/pkg/ytask/scheduler.go:316.54,322.39 4 1
github.com/onlyLTY/YTask/pkg/ytask/scheduler.go:322.39,331.3 1 1
github.com/onlyLTY/YTask/pkg/ytask/scheduler.go:333.2,333.18 1 1
github.com/onlyLTY/YTask/pkg/ytask/scheduler.go:337.48,346.2 1 1
github.com/onlyLTY/YTask/pkg/ytask/scheduler.go:349.54,354.2 3 1
github.com/onlyLTY/YTask/pkg/ytask/scheduler.go:357.40,361.6 3 1
github.com/onlyLTY/YTask/pkg/ytask/scheduler.go:361.6,362.10 1 1
github.com/onlyLTY/YTask/pkg/ytask/scheduler.go:363.23,364.10 1 1
github.com/onlyLTY/YTask/pkg/ytask/scheduler.go:365.19,366.20 1 1
github.com/onlyLTY/YTask/pkg/ytask/scheduler.go:372.36,377.37 3 1
github.com/onlyLTY/YTask/pkg/ytask/scheduler.go:377.37,378.31 1 1
github.com/onlyLTY/YTask/pkg/ytask/scheduler.go:378.31,380.4 1 1
github.com/onlyLTY/YTask/pkg/ytask/scheduler.go:385.2,387.37 2 1
github.com/onlyLTY/YTask/pkg/ytask/scheduler.go:387.37,390.51 2 1
github.com/onlyLTY/YTask/pkg/ytask/scheduler.go:390.51,391.9 1 1
github.com/onlyLTY/YTask/pkg/ytask/scheduler.go:394.3,397.55 2 1
github.com/onlyLTY/YTask/pkg/ytask/scheduler.go:397.55,398.12 1 1
github.com/onlyLTY/YTask/pkg/ytask/scheduler.go:402.3,404.48 2 1
github.com/onlyLTY/YTask/pkg/ytask/scheduler.go:404.48,406.73 1 1
github.com/onlyLTY/YTask/pkg/ytask/scheduler.go:406.73,407.50 1 1
github.com/onlyLTY/YTask/pkg/ytask/scheduler.go:407.50,410.56 2 1
github.com/onlyLTY/YTask/pkg/ytask/scheduler.go:410.56,414.12 3 1
github.com/onlyLTY/YTask/pkg/ytask/scheduler.go:418.9,424.68 3 1
github.com/onlyLTY/YTask/pkg/ytask/scheduler.go:424.68,425.59 1 1
github.com/onlyLTY/YTask/pkg/ytask/scheduler.go:425.59,426.56 1 1
github.com/onlyLTY/YTask/pkg/ytask/scheduler.go:426.56,429.7 2 1
github.com/onlyLTY/YTask/pkg/ytask/scheduler.go:433.4,433.27 1 1
github.com/onlyLTY/YTask/pkg/ytask/scheduler.go:433.27,439.69 3 1
github.com/onlyLTY/YTask/pkg/ytask/scheduler.go:439.69,441.45 1 1
github.com/onlyLTY/YTask/pkg/ytask/scheduler.go:441.45,442.15 1 1
github.com/onlyLTY/YTask/pkg/ytask/scheduler.go:446.6,447.52 2 1
github.com/onlyLTY/YTask/pkg/ytask/scheduler.go:447.52,449.7 1 1
github.com/onlyLTY/YTask/pkg/ytask/scheduler.go:449.12,452.7 1 0
github.com/onlyLTY/YTask/pkg/ytask/scheduler.go:454.6,455.35 2 1
github.com/onlyLTY/YTask/pkg/ytask/scheduler.go:459.5,466.74 4 1
github.com/onlyLTY/YTask/pkg/ytask/scheduler.go:466.74,468.45 1 1
github.com/onlyLTY/YTask/pkg/ytask/scheduler.go:468.45,469.15 1 1
github.com/onlyLTY/YTask/pkg/ytask/scheduler.go:473.6,474.29 2 1
github.com/onlyLTY/YTask/pkg/ytask/scheduler.go:474.29,476.7 1 1
github.com/onlyLTY/YTask/pkg/ytask/scheduler.go:476.12,479.7 1 0
github.com/onlyLTY/YTask/pkg/ytask/scheduler.go:481.6,482.80 2 1
github.com/onlyLTY/YTask/pkg/ytask/scheduler.go:482.80,484.12 2 1
github.com/onlyLTY/YTask/pkg/ytask/scheduler.go:489.5,489.31 1 1
github.com/onlyLTY/YTask/pkg/ytask/scheduler.go:489.31,490.75 1 0
github.com/onlyLTY/YTask/pkg/ytask/scheduler.go:490.75,491.45 1 0
github.com/onlyLTY/YTask/pkg/ytask/scheduler.go:491.45,493.13 2 0
github.com/onlyLTY/YTask/pkg/ytask/scheduler.go:499.5,499.67 1 1
github.com/onlyLTY/YTask/pkg/ytask/scheduler.go:499.67,500.56 1 1
github.com/onlyLTY/YTask/pkg/ytask/scheduler.go:500.56,507.12 3 1
github.com/onlyLTY/YTask/pkg/ytask/scheduler.go:514.3,514.38 1 1
github.com/onlyLTY/YTask/pkg/ytask/scheduler.go:514.38,517.52 2 1
github.com/onlyLTY/YTask/pkg/ytask/scheduler.go:517.52,521.10 3 0
github.com/onlyLTY/YTask/pkg/ytask/scheduler.go:525.4,537.34 9 1
github.com/onlyLTY/YTask/pkg/ytask/scheduler.go:541.2,541.18 1 1
github.com/onlyLTY/YTask/pkg/ytask/scheduler.go:545.67,556.57 6 1
github.com/onlyLTY/YTask/pkg/ytask/scheduler.go:556.57,558.3 1 1
github.com/onlyLTY/YTask/pkg/ytask/scheduler.go:561.2,561.47 1 1
github.com/onlyLTY/YTask/pkg/ytask/scheduler.go:561.47,563.3 1 1
github.com/onlyLTY/YTask/pkg/ytask/scheduler.go:566.2,567.9 2 1
github.com/onlyLTY/YTask/pkg/ytask/scheduler.go:567.9,568.16 1 1
github.com/onlyLTY/YTask/pkg/ytask/scheduler.go:568.16,569.32 1 1
github.com/onlyLTY/YTask/pkg/ytask/scheduler.go:569.32,571.26 1 1
github.com/onlyLTY/YTask/pkg/ytask/scheduler.go:572.16,573.13 1 1
github.com/onlyLTY/YTask/pkg/ytask/scheduler.go:574.17,575.38 1 1
github.com/onlyLTY/YTask/pkg/ytask/scheduler.go:576.13,577.38 1 1
github.com/onlyLTY/YTask/pkg/ytask/scheduler.go:582.3,582.28 1 1
github.com/onlyLTY/YTask/pkg/ytask/scheduler.go:585.2,595.16 6 1
github.com/onlyLTY/YTask/pkg/ytask/scheduler.go:595.16,604.35 5 1
github.com/onlyLTY/YTask/pkg/ytask/scheduler.go:604.35,606.13 2 1
github.com/onlyLTY/YTask/pkg/ytask/scheduler.go:606.13,614.5 5 1
github.com/onlyLTY/YTask/pkg/ytask/scheduler.go:616.8,622.3 3 1
github.com/onlyLTY/YTask/pkg/ytask/task.go:68.55,70.2 1 1
github.com/onlyLTY/YTask/pkg/ytask/task.go:73.35,75.2 1 1
github.com/onlyLTY/YTask/pkg/ytask/task.go:78.37,80.2 1 1
github.com/onlyLTY/YTask/pkg/ytask/task.go:83.38,85.2 1 1
github.com/onlyLTY/YTask/pkg/ytask/task.go:88.43,90.2 1 1
github.com/onlyLTY/YTask/pkg/ytask/task.go:93.49,95.2 1 1
github.com/onlyLTY/YTask/pkg/ytask/task.go:98.42,100.2 1 1
github.com/onlyLTY/YTask/pkg/ytask/task.go:103.44,105.2 1 1
github.com/onlyLTY/YTask/pkg/ytask/task.go:108.53,110.2 1 1
github.com/onlyLTY/YTask/pkg/ytask/task.go:113.57,115.2 1 1
github.com/onlyLTY/YTask/pkg/ytask/task.go:119.49,121.2 1 1
github.com/onlyLTY/YTask/pkg/ytask/task.go:124.63,133.2 1 1
